17/04/2024 12:35:10.27 Script started. 
17/04/2024 12:35:10.28 working dir C:\Users\samue\OneDrive\Desktop\school work\parttime\Architecture, Operating Systems and Networking\assignmentXprojects\Assignment 
17/04/2024 12:35:10.34 created folder 20240417 
1 17/04/2024 12:35:10.38 Added file file-1.txt to folder 20240417 
1 17/04/2024 12:35:10.38 Added file file-2.txt to folder 20240417 
1 17/04/2024 12:35:10.38 Added file file-3.txt to folder 20240417 
1 17/04/2024 12:35:10.38 Added file file-4.txt to folder 20240417 
17/04/2024 12:35:10.50 End of Job. 
17/04/2024 12:35:16.09 Script started. 
17/04/2024 12:35:16.10 working dir C:\Users\samue\OneDrive\Desktop\school work\parttime\Architecture, Operating Systems and Networking\assignmentXprojects\Assignment 
17/04/2024 12:35:16.13 using previously created folder 20240417 
17/04/2024 12:35:16.14 file-1.txt ignored (already in 20240417
17/04/2024 12:35:16.14 file-2.txt ignored (already in 20240417
17/04/2024 12:35:16.14 file-3.txt ignored (already in 20240417
17/04/2024 12:35:16.14 file-4.txt ignored (already in 20240417
17/04/2024 12:35:16.38 End of Job. 
17/04/2024 12:35:18.20 Script started. 
17/04/2024 12:35:18.20 working dir C:\Users\samue\OneDrive\Desktop\school work\parttime\Architecture, Operating Systems and Networking\assignmentXprojects\Assignment 
17/04/2024 12:35:18.24 using previously created folder 20240417 
17/04/2024 12:35:18.26 file-1.txt ignored (already in 20240417
17/04/2024 12:35:18.26 file-2.txt ignored (already in 20240417
17/04/2024 12:35:18.26 file-3.txt ignored (already in 20240417
17/04/2024 12:35:18.26 file-4.txt ignored (already in 20240417
17/04/2024 12:35:18.51 End of Job. 
17/04/2024 12:35:19.86 Script started. 
17/04/2024 12:35:19.87 working dir C:\Users\samue\OneDrive\Desktop\school work\parttime\Architecture, Operating Systems and Networking\assignmentXprojects\Assignment 
17/04/2024 12:35:19.90 using previously created folder 20240417 
17/04/2024 12:35:19.94 file-1.txt ignored (already in 20240417
17/04/2024 12:35:19.94 file-2.txt ignored (already in 20240417
17/04/2024 12:35:19.94 file-3.txt ignored (already in 20240417
17/04/2024 12:35:19.94 file-4.txt ignored (already in 20240417
17/04/2024 12:35:20.16 End of Job. 
17/04/2024 12:35:21.54 Script started. 
17/04/2024 12:35:21.55 working dir C:\Users\samue\OneDrive\Desktop\school work\parttime\Architecture, Operating Systems and Networking\assignmentXprojects\Assignment 
17/04/2024 12:35:21.59 using previously created folder 20240417 
17/04/2024 12:35:21.73 file-1.txt ignored (already in 20240417
17/04/2024 12:35:21.73 file-2.txt ignored (already in 20240417
17/04/2024 12:35:21.73 file-3.txt ignored (already in 20240417
17/04/2024 12:35:21.73 file-4.txt ignored (already in 20240417
17/04/2024 12:35:22.01 End of Job. 
17/04/2024 12:36:18.94 Script started. 
17/04/2024 12:36:18.95 working dir C:\Users\samue\OneDrive\Desktop\school work\parttime\Architecture, Operating Systems and Networking\assignmentXprojects\Assignment 
17/04/2024 12:36:19.23 using previously created folder 20240417 
17/04/2024 12:36:19.29 file-1.txt ignored (already in 20240417
17/04/2024 12:36:19.29 file-2.txt ignored (already in 20240417
17/04/2024 12:36:19.29 file-3.txt ignored (already in 20240417
17/04/2024 12:36:19.29 file-4.txt ignored (already in 20240417
1 17/04/2024 12:36:19.29 Added file file-5.txt to folder 20240417 
17/04/2024 12:36:19.99 End of Job. 
